18-Dec-2025 14:53:49.530 INFO [main] org.apache.catalina.startup.VersionLoggerListener.log Server version name:   Apache Tomcat/9.0.104
18-Dec-2025 14:53:49.539 INFO [main] org.apache.catalina.startup.VersionLoggerListener.log Server built:          Apr 4 2025 12:32:55 UTC
18-Dec-2025 14:53:49.539 INFO [main] org.apache.catalina.startup.VersionLoggerListener.log Server version number: 9.0.104.0
18-Dec-2025 14:53:49.539 INFO [main] org.apache.catalina.startup.VersionLoggerListener.log OS Name:               Windows 11
18-Dec-2025 14:53:49.540 INFO [main] org.apache.catalina.startup.VersionLoggerListener.log OS Version:            10.0
18-Dec-2025 14:53:49.540 INFO [main] org.apache.catalina.startup.VersionLoggerListener.log Architecture:          amd64
18-Dec-2025 14:53:49.540 INFO [main] org.apache.catalina.startup.VersionLoggerListener.log Java Home:             C:\Program Files\Java\jdk-22
18-Dec-2025 14:53:49.540 INFO [main] org.apache.catalina.startup.VersionLoggerListener.log JVM Version:           22.0.2+9-70
18-Dec-2025 14:53:49.540 INFO [main] org.apache.catalina.startup.VersionLoggerListener.log JVM Vendor:            Oracle Corporation
18-Dec-2025 14:53:49.540 INFO [main] org.apache.catalina.startup.VersionLoggerListener.log CATALINA_BASE:         D:\MF_Learning\Telkom University\Matkul\Semester 4\PBO\Server\apache-tomcat-9.0.104
18-Dec-2025 14:53:49.541 INFO [main] org.apache.catalina.startup.VersionLoggerListener.log CATALINA_HOME:         D:\MF_Learning\Telkom University\Matkul\Semester 4\PBO\Server\apache-tomcat-9.0.104
18-Dec-2025 14:53:49.566 INFO [main] org.apache.catalina.startup.VersionLoggerListener.log Command line argument: --add-opens=java.base/java.lang=ALL-UNNAMED
18-Dec-2025 14:53:49.567 INFO [main] org.apache.catalina.startup.VersionLoggerListener.log Command line argument: --add-opens=java.base/java.lang.invoke=ALL-UNNAMED
18-Dec-2025 14:53:49.567 INFO [main] org.apache.catalina.startup.VersionLoggerListener.log Command line argument: --add-opens=java.base/java.lang.reflect=ALL-UNNAMED
18-Dec-2025 14:53:49.567 INFO [main] org.apache.catalina.startup.VersionLoggerListener.log Command line argument: --add-opens=java.base/java.io=ALL-UNNAMED
18-Dec-2025 14:53:49.567 INFO [main] org.apache.catalina.startup.VersionLoggerListener.log Command line argument: --add-opens=java.base/java.util=ALL-UNNAMED
18-Dec-2025 14:53:49.567 INFO [main] org.apache.catalina.startup.VersionLoggerListener.log Command line argument: --add-opens=java.base/java.util.concurrent=ALL-UNNAMED
18-Dec-2025 14:53:49.567 INFO [main] org.apache.catalina.startup.VersionLoggerListener.log Command line argument: --add-opens=java.rmi/sun.rmi.transport=ALL-UNNAMED
18-Dec-2025 14:53:49.568 INFO [main] org.apache.catalina.startup.VersionLoggerListener.log Command line argument: -Djava.util.logging.config.file=D:\MF_Learning\Telkom University\Matkul\Semester 4\PBO\Server\apache-tomcat-9.0.104\conf\logging.properties
18-Dec-2025 14:53:49.568 INFO [main] org.apache.catalina.startup.VersionLoggerListener.log Command line argument: -Djava.util.logging.manager=org.apache.juli.ClassLoaderLogManager
18-Dec-2025 14:53:49.568 INFO [main] org.apache.catalina.startup.VersionLoggerListener.log Command line argument: -Djdk.tls.ephemeralDHKeySize=2048
18-Dec-2025 14:53:49.568 INFO [main] org.apache.catalina.startup.VersionLoggerListener.log Command line argument: -Djava.protocol.handler.pkgs=org.apache.catalina.webresources
18-Dec-2025 14:53:49.568 INFO [main] org.apache.catalina.startup.VersionLoggerListener.log Command line argument: -Dsun.io.useCanonCaches=false
18-Dec-2025 14:53:49.568 INFO [main] org.apache.catalina.startup.VersionLoggerListener.log Command line argument: -Dignore.endorsed.dirs=
18-Dec-2025 14:53:49.569 INFO [main] org.apache.catalina.startup.VersionLoggerListener.log Command line argument: -Dcatalina.base=D:\MF_Learning\Telkom University\Matkul\Semester 4\PBO\Server\apache-tomcat-9.0.104
18-Dec-2025 14:53:49.569 INFO [main] org.apache.catalina.startup.VersionLoggerListener.log Command line argument: -Dcatalina.home=D:\MF_Learning\Telkom University\Matkul\Semester 4\PBO\Server\apache-tomcat-9.0.104
18-Dec-2025 14:53:49.661 INFO [main] org.apache.catalina.startup.VersionLoggerListener.log Command line argument: -Djava.io.tmpdir=D:\MF_Learning\Telkom University\Matkul\Semester 4\PBO\Server\apache-tomcat-9.0.104\temp
18-Dec-2025 14:53:49.886 INFO [main] org.apache.catalina.core.AprLifecycleListener.lifecycleEvent Loaded Apache Tomcat Native library [1.3.1] using APR version [1.7.4].
18-Dec-2025 14:53:49.886 INFO [main] org.apache.catalina.core.AprLifecycleListener.lifecycleEvent APR capabilities: IPv6 [true], sendfile [true], accept filters [false], random [true], UDS [true].
18-Dec-2025 14:53:49.886 INFO [main] org.apache.catalina.core.AprLifecycleListener.lifecycleEvent APR/OpenSSL configuration: useAprConnector [false], useOpenSSL [true]
18-Dec-2025 14:53:49.911 INFO [main] org.apache.catalina.core.AprLifecycleListener.initializeSSL OpenSSL successfully initialized [OpenSSL 3.0.14 4 Jun 2024]
18-Dec-2025 14:53:50.486 INFO [main] org.apache.coyote.AbstractProtocol.init Initializing ProtocolHandler ["http-nio-8080"]
18-Dec-2025 14:53:50.533 INFO [main] org.apache.catalina.startup.Catalina.load Server initialization in [1413] milliseconds
18-Dec-2025 14:53:50.618 INFO [main] org.apache.catalina.core.StandardService.startInternal Starting service [Catalina]
18-Dec-2025 14:53:50.618 INFO [main] org.apache.catalina.core.StandardEngine.startInternal Starting Servlet engine: [Apache Tomcat/9.0.104]
18-Dec-2025 14:53:50.633 INFO [main] org.apache.catalina.startup.HostConfig.deployDescriptor Deploying deployment descriptor [D:\MF_Learning\Telkom University\Matkul\Semester 4\PBO\Server\apache-tomcat-9.0.104\conf\Catalina\localhost\Aplikasi_PBO.xml]
18-Dec-2025 14:53:50.659 WARNING [main] org.apache.catalina.startup.HostConfig.deployDescriptor The path attribute with value [/Aplikasi_PBO] in deployment descriptor [D:\MF_Learning\Telkom University\Matkul\Semester 4\PBO\Server\apache-tomcat-9.0.104\conf\Catalina\localhost\Aplikasi_PBO.xml] has been ignored
18-Dec-2025 14:53:51.696 INFO [main] org.apache.jasper.servlet.TldScanner.scanJars At least one JAR was scanned for TLDs yet contained no TLDs. Enable debug logging for this logger for a complete list of JARs that were scanned but no TLDs were found in them. Skipping unneeded JARs during scanning can improve startup time and JSP compilation time.
18-Dec-2025 14:53:51.795 INFO [main] org.apache.catalina.startup.HostConfig.deployDescriptor Deployment of deployment descriptor [D:\MF_Learning\Telkom University\Matkul\Semester 4\PBO\Server\apache-tomcat-9.0.104\conf\Catalina\localhost\Aplikasi_PBO.xml] has finished in [1,161] ms
18-Dec-2025 14:53:51.795 INFO [main] org.apache.catalina.startup.HostConfig.deployDescriptor Deploying deployment descriptor [D:\MF_Learning\Telkom University\Matkul\Semester 4\PBO\Server\apache-tomcat-9.0.104\conf\Catalina\localhost\Assistify.xml]
18-Dec-2025 14:53:51.797 WARNING [main] org.apache.catalina.startup.HostConfig.deployDescriptor The path attribute with value [/Assistify] in deployment descriptor [D:\MF_Learning\Telkom University\Matkul\Semester 4\PBO\Server\apache-tomcat-9.0.104\conf\Catalina\localhost\Assistify.xml] has been ignored
18-Dec-2025 14:53:52.418 INFO [main] org.apache.jasper.servlet.TldScanner.scanJars At least one JAR was scanned for TLDs yet contained no TLDs. Enable debug logging for this logger for a complete list of JARs that were scanned but no TLDs were found in them. Skipping unneeded JARs during scanning can improve startup time and JSP compilation time.
18-Dec-2025 14:53:52.423 INFO [main] org.apache.catalina.startup.HostConfig.deployDescriptor Deployment of deployment descriptor [D:\MF_Learning\Telkom University\Matkul\Semester 4\PBO\Server\apache-tomcat-9.0.104\conf\Catalina\localhost\Assistify.xml] has finished in [627] ms
18-Dec-2025 14:53:52.423 INFO [main] org.apache.catalina.startup.HostConfig.deployDescriptor Deploying deployment descriptor [D:\MF_Learning\Telkom University\Matkul\Semester 4\PBO\Server\apache-tomcat-9.0.104\conf\Catalina\localhost\BackupTubes.xml]
18-Dec-2025 14:53:52.425 WARNING [main] org.apache.catalina.startup.HostConfig.deployDescriptor The path attribute with value [/BackupTubes] in deployment descriptor [D:\MF_Learning\Telkom University\Matkul\Semester 4\PBO\Server\apache-tomcat-9.0.104\conf\Catalina\localhost\BackupTubes.xml] has been ignored
18-Dec-2025 14:53:53.046 INFO [main] org.apache.jasper.servlet.TldScanner.scanJars At least one JAR was scanned for TLDs yet contained no TLDs. Enable debug logging for this logger for a complete list of JARs that were scanned but no TLDs were found in them. Skipping unneeded JARs during scanning can improve startup time and JSP compilation time.
18-Dec-2025 14:53:53.053 INFO [main] org.apache.catalina.startup.HostConfig.deployDescriptor Deployment of deployment descriptor [D:\MF_Learning\Telkom University\Matkul\Semester 4\PBO\Server\apache-tomcat-9.0.104\conf\Catalina\localhost\BackupTubes.xml] has finished in [629] ms
18-Dec-2025 14:53:53.053 INFO [main] org.apache.catalina.startup.HostConfig.deployDescriptor Deploying deployment descriptor [D:\MF_Learning\Telkom University\Matkul\Semester 4\PBO\Server\apache-tomcat-9.0.104\conf\Catalina\localhost\BelajarAlbert.xml]
18-Dec-2025 14:53:53.055 WARNING [main] org.apache.catalina.startup.HostConfig.deployDescriptor The path attribute with value [/BelajarAlbert] in deployment descriptor [D:\MF_Learning\Telkom University\Matkul\Semester 4\PBO\Server\apache-tomcat-9.0.104\conf\Catalina\localhost\BelajarAlbert.xml] has been ignored
18-Dec-2025 14:53:53.620 INFO [main] org.apache.jasper.servlet.TldScanner.scanJars At least one JAR was scanned for TLDs yet contained no TLDs. Enable debug logging for this logger for a complete list of JARs that were scanned but no TLDs were found in them. Skipping unneeded JARs during scanning can improve startup time and JSP compilation time.
18-Dec-2025 14:53:53.626 INFO [main] org.apache.catalina.startup.HostConfig.deployDescriptor Deployment of deployment descriptor [D:\MF_Learning\Telkom University\Matkul\Semester 4\PBO\Server\apache-tomcat-9.0.104\conf\Catalina\localhost\BelajarAlbert.xml] has finished in [572] ms
18-Dec-2025 14:53:53.626 INFO [main] org.apache.catalina.startup.HostConfig.deployDescriptor Deploying deployment descriptor [D:\MF_Learning\Telkom University\Matkul\Semester 4\PBO\Server\apache-tomcat-9.0.104\conf\Catalina\localhost\mugiwara.xml]
18-Dec-2025 14:53:53.629 WARNING [main] org.apache.catalina.startup.HostConfig.deployDescriptor The path attribute with value [/mugiwara] in deployment descriptor [D:\MF_Learning\Telkom University\Matkul\Semester 4\PBO\Server\apache-tomcat-9.0.104\conf\Catalina\localhost\mugiwara.xml] has been ignored
18-Dec-2025 14:53:56.836 INFO [main] org.apache.jasper.servlet.TldScanner.scanJars At least one JAR was scanned for TLDs yet contained no TLDs. Enable debug logging for this logger for a complete list of JARs that were scanned but no TLDs were found in them. Skipping unneeded JARs during scanning can improve startup time and JSP compilation time.
18-Dec-2025 14:53:56.842 INFO [main] org.apache.catalina.startup.HostConfig.deployDescriptor Deployment of deployment descriptor [D:\MF_Learning\Telkom University\Matkul\Semester 4\PBO\Server\apache-tomcat-9.0.104\conf\Catalina\localhost\mugiwara.xml] has finished in [3,215] ms
18-Dec-2025 14:53:56.842 INFO [main] org.apache.catalina.startup.HostConfig.deployDescriptor Deploying deployment descriptor [D:\MF_Learning\Telkom University\Matkul\Semester 4\PBO\Server\apache-tomcat-9.0.104\conf\Catalina\localhost\SkeletonTP15.xml]
18-Dec-2025 14:53:56.843 WARNING [main] org.apache.catalina.startup.HostConfig.deployDescriptor The path attribute with value [/SkeletonTP15] in deployment descriptor [D:\MF_Learning\Telkom University\Matkul\Semester 4\PBO\Server\apache-tomcat-9.0.104\conf\Catalina\localhost\SkeletonTP15.xml] has been ignored
18-Dec-2025 14:53:56.855 SEVERE [main] org.apache.catalina.startup.HostConfig.deployDescriptor Error deploying deployment descriptor [D:\MF_Learning\Telkom University\Matkul\Semester 4\PBO\Server\apache-tomcat-9.0.104\conf\Catalina\localhost\SkeletonTP15.xml]
	java.lang.IllegalStateException: Error starting child
		at org.apache.catalina.core.ContainerBase.addChildInternal(ContainerBase.java:602)
		at org.apache.catalina.core.ContainerBase.addChild(ContainerBase.java:571)
		at org.apache.catalina.core.StandardHost.addChild(StandardHost.java:603)
		at org.apache.catalina.startup.HostConfig.deployDescriptor(HostConfig.java:680)
		at org.apache.catalina.startup.HostConfig$DeployDescriptor.run(HostConfig.java:1838)
		at java.base/java.util.concurrent.Executors$RunnableAdapter.call(Executors.java:572)
		at java.base/java.util.concurrent.FutureTask.run(FutureTask.java:317)
		at org.apache.tomcat.util.threads.InlineExecutorService.execute(InlineExecutorService.java:76)
		at java.base/java.util.concurrent.AbstractExecutorService.submit(AbstractExecutorService.java:123)
		at org.apache.catalina.startup.HostConfig.deployDescriptors(HostConfig.java:575)
		at org.apache.catalina.startup.HostConfig.deployApps(HostConfig.java:466)
		at org.apache.catalina.startup.HostConfig.start(HostConfig.java:1578)
		at org.apache.catalina.startup.HostConfig.lifecycleEvent(HostConfig.java:312)
		at org.apache.catalina.util.LifecycleBase.fireLifecycleEvent(LifecycleBase.java:109)
		at org.apache.catalina.util.LifecycleBase.setStateInternal(LifecycleBase.java:389)
		at org.apache.catalina.util.LifecycleBase.setState(LifecycleBase.java:336)
		at org.apache.catalina.core.ContainerBase.startInternal(ContainerBase.java:776)
		at org.apache.catalina.core.StandardHost.startInternal(StandardHost.java:721)
		at org.apache.catalina.util.LifecycleBase.start(LifecycleBase.java:164)
		at org.apache.catalina.core.ContainerBase$StartChild.call(ContainerBase.java:1203)
		at org.apache.catalina.core.ContainerBase$StartChild.call(ContainerBase.java:1193)
		at java.base/java.util.concurrent.FutureTask.run(FutureTask.java:317)
		at org.apache.tomcat.util.threads.InlineExecutorService.execute(InlineExecutorService.java:76)
		at java.base/java.util.concurrent.AbstractExecutorService.submit(AbstractExecutorService.java:145)
		at org.apache.catalina.core.ContainerBase.startInternal(ContainerBase.java:749)
		at org.apache.catalina.core.StandardEngine.startInternal(StandardEngine.java:211)
		at org.apache.catalina.util.LifecycleBase.start(LifecycleBase.java:164)
		at org.apache.catalina.core.StandardService.startInternal(StandardService.java:412)
		at org.apache.catalina.util.LifecycleBase.start(LifecycleBase.java:164)
		at org.apache.catalina.core.StandardServer.startInternal(StandardServer.java:874)
		at org.apache.catalina.util.LifecycleBase.start(LifecycleBase.java:164)
		at org.apache.catalina.startup.Catalina.start(Catalina.java:739)
		at java.base/jdk.internal.reflect.DirectMethodHandleAccessor.invoke(DirectMethodHandleAccessor.java:103)
		at java.base/java.lang.reflect.Method.invoke(Method.java:580)
		at org.apache.catalina.startup.Bootstrap.start(Bootstrap.java:345)
		at org.apache.catalina.startup.Bootstrap.main(Bootstrap.java:476)
	Caused by: org.apache.catalina.LifecycleException: Failed to start component [org.apache.catalina.webresources.StandardRoot@672c6b93]
		at org.apache.catalina.util.LifecycleBase.handleSubClassException(LifecycleBase.java:406)
		at org.apache.catalina.util.LifecycleBase.start(LifecycleBase.java:179)
		at org.apache.catalina.core.StandardContext.resourcesStart(StandardContext.java:4172)
		at org.apache.catalina.core.StandardContext.startInternal(StandardContext.java:4294)
		at org.apache.catalina.util.LifecycleBase.start(LifecycleBase.java:164)
		at org.apache.catalina.core.ContainerBase.addChildInternal(ContainerBase.java:599)
		... 35 more
	Caused by: java.lang.IllegalArgumentException: The main resource set specified [D:\MF_Learning\Telkom University\Matkul\Semester 4\PBO\TP MOD 15\SkeletonTP15\build\web] is not a directory or war file, or is not readable (it does not exist or permissions to access it are missing)
		at org.apache.catalina.webresources.StandardRoot.createMainResourceSet(StandardRoot.java:758)
		at org.apache.catalina.webresources.StandardRoot.startInternal(StandardRoot.java:715)
		at org.apache.catalina.util.LifecycleBase.start(LifecycleBase.java:164)
		... 39 more
18-Dec-2025 14:53:56.962 INFO [main] org.apache.catalina.startup.HostConfig.deployDescriptor Deployment of deployment descriptor [D:\MF_Learning\Telkom University\Matkul\Semester 4\PBO\Server\apache-tomcat-9.0.104\conf\Catalina\localhost\SkeletonTP15.xml] has finished in [120] ms
18-Dec-2025 14:53:56.963 INFO [main] org.apache.catalina.startup.HostConfig.deployDescriptor Deploying deployment descriptor [D:\MF_Learning\Telkom University\Matkul\Semester 4\PBO\Server\apache-tomcat-9.0.104\conf\Catalina\localhost\TPMod12.xml]
18-Dec-2025 14:53:56.965 WARNING [main] org.apache.catalina.startup.HostConfig.deployDescriptor The path attribute with value [/TPMod12] in deployment descriptor [D:\MF_Learning\Telkom University\Matkul\Semester 4\PBO\Server\apache-tomcat-9.0.104\conf\Catalina\localhost\TPMod12.xml] has been ignored
18-Dec-2025 14:53:56.971 SEVERE [main] org.apache.catalina.startup.HostConfig.deployDescriptor Error deploying deployment descriptor [D:\MF_Learning\Telkom University\Matkul\Semester 4\PBO\Server\apache-tomcat-9.0.104\conf\Catalina\localhost\TPMod12.xml]
	java.lang.IllegalStateException: Error starting child
		at org.apache.catalina.core.ContainerBase.addChildInternal(ContainerBase.java:602)
		at org.apache.catalina.core.ContainerBase.addChild(ContainerBase.java:571)
		at org.apache.catalina.core.StandardHost.addChild(StandardHost.java:603)
		at org.apache.catalina.startup.HostConfig.deployDescriptor(HostConfig.java:680)
		at org.apache.catalina.startup.HostConfig$DeployDescriptor.run(HostConfig.java:1838)
		at java.base/java.util.concurrent.Executors$RunnableAdapter.call(Executors.java:572)
		at java.base/java.util.concurrent.FutureTask.run(FutureTask.java:317)
		at org.apache.tomcat.util.threads.InlineExecutorService.execute(InlineExecutorService.java:76)
		at java.base/java.util.concurrent.AbstractExecutorService.submit(AbstractExecutorService.java:123)
		at org.apache.catalina.startup.HostConfig.deployDescriptors(HostConfig.java:575)
		at org.apache.catalina.startup.HostConfig.deployApps(HostConfig.java:466)
		at org.apache.catalina.startup.HostConfig.start(HostConfig.java:1578)
		at org.apache.catalina.startup.HostConfig.lifecycleEvent(HostConfig.java:312)
		at org.apache.catalina.util.LifecycleBase.fireLifecycleEvent(LifecycleBase.java:109)
		at org.apache.catalina.util.LifecycleBase.setStateInternal(LifecycleBase.java:389)
		at org.apache.catalina.util.LifecycleBase.setState(LifecycleBase.java:336)
		at org.apache.catalina.core.ContainerBase.startInternal(ContainerBase.java:776)
		at org.apache.catalina.core.StandardHost.startInternal(StandardHost.java:721)
		at org.apache.catalina.util.LifecycleBase.start(LifecycleBase.java:164)
		at org.apache.catalina.core.ContainerBase$StartChild.call(ContainerBase.java:1203)
		at org.apache.catalina.core.ContainerBase$StartChild.call(ContainerBase.java:1193)
		at java.base/java.util.concurrent.FutureTask.run(FutureTask.java:317)
		at org.apache.tomcat.util.threads.InlineExecutorService.execute(InlineExecutorService.java:76)
		at java.base/java.util.concurrent.AbstractExecutorService.submit(AbstractExecutorService.java:145)
		at org.apache.catalina.core.ContainerBase.startInternal(ContainerBase.java:749)
		at org.apache.catalina.core.StandardEngine.startInternal(StandardEngine.java:211)
		at org.apache.catalina.util.LifecycleBase.start(LifecycleBase.java:164)
		at org.apache.catalina.core.StandardService.startInternal(StandardService.java:412)
		at org.apache.catalina.util.LifecycleBase.start(LifecycleBase.java:164)
		at org.apache.catalina.core.StandardServer.startInternal(StandardServer.java:874)
		at org.apache.catalina.util.LifecycleBase.start(LifecycleBase.java:164)
		at org.apache.catalina.startup.Catalina.start(Catalina.java:739)
		at java.base/jdk.internal.reflect.DirectMethodHandleAccessor.invoke(DirectMethodHandleAccessor.java:103)
		at java.base/java.lang.reflect.Method.invoke(Method.java:580)
		at org.apache.catalina.startup.Bootstrap.start(Bootstrap.java:345)
		at org.apache.catalina.startup.Bootstrap.main(Bootstrap.java:476)
	Caused by: org.apache.catalina.LifecycleException: Failed to start component [org.apache.catalina.webresources.StandardRoot@3b68a50c]
		at org.apache.catalina.util.LifecycleBase.handleSubClassException(LifecycleBase.java:406)
		at org.apache.catalina.util.LifecycleBase.start(LifecycleBase.java:179)
		at org.apache.catalina.core.StandardContext.resourcesStart(StandardContext.java:4172)
		at org.apache.catalina.core.StandardContext.startInternal(StandardContext.java:4294)
		at org.apache.catalina.util.LifecycleBase.start(LifecycleBase.java:164)
		at org.apache.catalina.core.ContainerBase.addChildInternal(ContainerBase.java:599)
		... 35 more
	Caused by: java.lang.IllegalArgumentException: The main resource set specified [D:\MF_Learning\Telkom University\Matkul\Semester 4\PBO\TP MOD 12\TPMod12\build\web] is not a directory or war file, or is not readable (it does not exist or permissions to access it are missing)
		at org.apache.catalina.webresources.StandardRoot.createMainResourceSet(StandardRoot.java:758)
		at org.apache.catalina.webresources.StandardRoot.startInternal(StandardRoot.java:715)
		at org.apache.catalina.util.LifecycleBase.start(LifecycleBase.java:164)
		... 39 more
18-Dec-2025 14:53:57.360 INFO [main] org.apache.catalina.startup.HostConfig.deployDescriptor Deployment of deployment descriptor [D:\MF_Learning\Telkom University\Matkul\Semester 4\PBO\Server\apache-tomcat-9.0.104\conf\Catalina\localhost\TPMod12.xml] has finished in [397] ms
18-Dec-2025 14:53:57.361 INFO [main] org.apache.catalina.startup.HostConfig.deployDescriptor Deploying deployment descriptor [D:\MF_Learning\Telkom University\Matkul\Semester 4\PBO\Server\apache-tomcat-9.0.104\conf\Catalina\localhost\TPMod13.xml]
18-Dec-2025 14:53:57.363 WARNING [main] org.apache.catalina.startup.HostConfig.deployDescriptor The path attribute with value [/TPMod13] in deployment descriptor [D:\MF_Learning\Telkom University\Matkul\Semester 4\PBO\Server\apache-tomcat-9.0.104\conf\Catalina\localhost\TPMod13.xml] has been ignored
18-Dec-2025 14:53:57.370 SEVERE [main] org.apache.catalina.startup.HostConfig.deployDescriptor Error deploying deployment descriptor [D:\MF_Learning\Telkom University\Matkul\Semester 4\PBO\Server\apache-tomcat-9.0.104\conf\Catalina\localhost\TPMod13.xml]
	java.lang.IllegalStateException: Error starting child
		at org.apache.catalina.core.ContainerBase.addChildInternal(ContainerBase.java:602)
		at org.apache.catalina.core.ContainerBase.addChild(ContainerBase.java:571)
		at org.apache.catalina.core.StandardHost.addChild(StandardHost.java:603)
		at org.apache.catalina.startup.HostConfig.deployDescriptor(HostConfig.java:680)
		at org.apache.catalina.startup.HostConfig$DeployDescriptor.run(HostConfig.java:1838)
		at java.base/java.util.concurrent.Executors$RunnableAdapter.call(Executors.java:572)
		at java.base/java.util.concurrent.FutureTask.run(FutureTask.java:317)
		at org.apache.tomcat.util.threads.InlineExecutorService.execute(InlineExecutorService.java:76)
		at java.base/java.util.concurrent.AbstractExecutorService.submit(AbstractExecutorService.java:123)
		at org.apache.catalina.startup.HostConfig.deployDescriptors(HostConfig.java:575)
		at org.apache.catalina.startup.HostConfig.deployApps(HostConfig.java:466)
		at org.apache.catalina.startup.HostConfig.start(HostConfig.java:1578)
		at org.apache.catalina.startup.HostConfig.lifecycleEvent(HostConfig.java:312)
		at org.apache.catalina.util.LifecycleBase.fireLifecycleEvent(LifecycleBase.java:109)
		at org.apache.catalina.util.LifecycleBase.setStateInternal(LifecycleBase.java:389)
		at org.apache.catalina.util.LifecycleBase.setState(LifecycleBase.java:336)
		at org.apache.catalina.core.ContainerBase.startInternal(ContainerBase.java:776)
		at org.apache.catalina.core.StandardHost.startInternal(StandardHost.java:721)
		at org.apache.catalina.util.LifecycleBase.start(LifecycleBase.java:164)
		at org.apache.catalina.core.ContainerBase$StartChild.call(ContainerBase.java:1203)
		at org.apache.catalina.core.ContainerBase$StartChild.call(ContainerBase.java:1193)
		at java.base/java.util.concurrent.FutureTask.run(FutureTask.java:317)
		at org.apache.tomcat.util.threads.InlineExecutorService.execute(InlineExecutorService.java:76)
		at java.base/java.util.concurrent.AbstractExecutorService.submit(AbstractExecutorService.java:145)
		at org.apache.catalina.core.ContainerBase.startInternal(ContainerBase.java:749)
		at org.apache.catalina.core.StandardEngine.startInternal(StandardEngine.java:211)
		at org.apache.catalina.util.LifecycleBase.start(LifecycleBase.java:164)
		at org.apache.catalina.core.StandardService.startInternal(StandardService.java:412)
		at org.apache.catalina.util.LifecycleBase.start(LifecycleBase.java:164)
		at org.apache.catalina.core.StandardServer.startInternal(StandardServer.java:874)
		at org.apache.catalina.util.LifecycleBase.start(LifecycleBase.java:164)
		at org.apache.catalina.startup.Catalina.start(Catalina.java:739)
		at java.base/jdk.internal.reflect.DirectMethodHandleAccessor.invoke(DirectMethodHandleAccessor.java:103)
		at java.base/java.lang.reflect.Method.invoke(Method.java:580)
		at org.apache.catalina.startup.Bootstrap.start(Bootstrap.java:345)
		at org.apache.catalina.startup.Bootstrap.main(Bootstrap.java:476)
	Caused by: org.apache.catalina.LifecycleException: Failed to start component [org.apache.catalina.webresources.StandardRoot@3d2ec8b2]
		at org.apache.catalina.util.LifecycleBase.handleSubClassException(LifecycleBase.java:406)
		at org.apache.catalina.util.LifecycleBase.start(LifecycleBase.java:179)
		at org.apache.catalina.core.StandardContext.resourcesStart(StandardContext.java:4172)
		at org.apache.catalina.core.StandardContext.startInternal(StandardContext.java:4294)
		at org.apache.catalina.util.LifecycleBase.start(LifecycleBase.java:164)
		at org.apache.catalina.core.ContainerBase.addChildInternal(ContainerBase.java:599)
		... 35 more
	Caused by: java.lang.IllegalArgumentException: The main resource set specified [D:\MF_Learning\Telkom University\Matkul\Semester 4\PBO\TP MOD 13\TPMod13\build\web] is not a directory or war file, or is not readable (it does not exist or permissions to access it are missing)
		at org.apache.catalina.webresources.StandardRoot.createMainResourceSet(StandardRoot.java:758)
		at org.apache.catalina.webresources.StandardRoot.startInternal(StandardRoot.java:715)
		at org.apache.catalina.util.LifecycleBase.start(LifecycleBase.java:164)
		... 39 more
18-Dec-2025 14:53:57.503 INFO [main] org.apache.catalina.startup.HostConfig.deployDescriptor Deployment of deployment descriptor [D:\MF_Learning\Telkom University\Matkul\Semester 4\PBO\Server\apache-tomcat-9.0.104\conf\Catalina\localhost\TPMod13.xml] has finished in [142] ms
18-Dec-2025 14:53:57.503 INFO [main] org.apache.catalina.startup.HostConfig.deployDescriptor Deploying deployment descriptor [D:\MF_Learning\Telkom University\Matkul\Semester 4\PBO\Server\apache-tomcat-9.0.104\conf\Catalina\localhost\TPMOD14.xml]
18-Dec-2025 14:53:57.505 WARNING [main] org.apache.catalina.startup.HostConfig.deployDescriptor The path attribute with value [/TPMOD14] in deployment descriptor [D:\MF_Learning\Telkom University\Matkul\Semester 4\PBO\Server\apache-tomcat-9.0.104\conf\Catalina\localhost\TPMOD14.xml] has been ignored
18-Dec-2025 14:53:57.513 SEVERE [main] org.apache.catalina.startup.HostConfig.deployDescriptor Error deploying deployment descriptor [D:\MF_Learning\Telkom University\Matkul\Semester 4\PBO\Server\apache-tomcat-9.0.104\conf\Catalina\localhost\TPMOD14.xml]
	java.lang.IllegalStateException: Error starting child
		at org.apache.catalina.core.ContainerBase.addChildInternal(ContainerBase.java:602)
		at org.apache.catalina.core.ContainerBase.addChild(ContainerBase.java:571)
		at org.apache.catalina.core.StandardHost.addChild(StandardHost.java:603)
		at org.apache.catalina.startup.HostConfig.deployDescriptor(HostConfig.java:680)
		at org.apache.catalina.startup.HostConfig$DeployDescriptor.run(HostConfig.java:1838)
		at java.base/java.util.concurrent.Executors$RunnableAdapter.call(Executors.java:572)
		at java.base/java.util.concurrent.FutureTask.run(FutureTask.java:317)
		at org.apache.tomcat.util.threads.InlineExecutorService.execute(InlineExecutorService.java:76)
		at java.base/java.util.concurrent.AbstractExecutorService.submit(AbstractExecutorService.java:123)
		at org.apache.catalina.startup.HostConfig.deployDescriptors(HostConfig.java:575)
		at org.apache.catalina.startup.HostConfig.deployApps(HostConfig.java:466)
		at org.apache.catalina.startup.HostConfig.start(HostConfig.java:1578)
		at org.apache.catalina.startup.HostConfig.lifecycleEvent(HostConfig.java:312)
		at org.apache.catalina.util.LifecycleBase.fireLifecycleEvent(LifecycleBase.java:109)
		at org.apache.catalina.util.LifecycleBase.setStateInternal(LifecycleBase.java:389)
		at org.apache.catalina.util.LifecycleBase.setState(LifecycleBase.java:336)
		at org.apache.catalina.core.ContainerBase.startInternal(ContainerBase.java:776)
		at org.apache.catalina.core.StandardHost.startInternal(StandardHost.java:721)
		at org.apache.catalina.util.LifecycleBase.start(LifecycleBase.java:164)
		at org.apache.catalina.core.ContainerBase$StartChild.call(ContainerBase.java:1203)
		at org.apache.catalina.core.ContainerBase$StartChild.call(ContainerBase.java:1193)
		at java.base/java.util.concurrent.FutureTask.run(FutureTask.java:317)
		at org.apache.tomcat.util.threads.InlineExecutorService.execute(InlineExecutorService.java:76)
		at java.base/java.util.concurrent.AbstractExecutorService.submit(AbstractExecutorService.java:145)
		at org.apache.catalina.core.ContainerBase.startInternal(ContainerBase.java:749)
		at org.apache.catalina.core.StandardEngine.startInternal(StandardEngine.java:211)
		at org.apache.catalina.util.LifecycleBase.start(LifecycleBase.java:164)
		at org.apache.catalina.core.StandardService.startInternal(StandardService.java:412)
		at org.apache.catalina.util.LifecycleBase.start(LifecycleBase.java:164)
		at org.apache.catalina.core.StandardServer.startInternal(StandardServer.java:874)
		at org.apache.catalina.util.LifecycleBase.start(LifecycleBase.java:164)
		at org.apache.catalina.startup.Catalina.start(Catalina.java:739)
		at java.base/jdk.internal.reflect.DirectMethodHandleAccessor.invoke(DirectMethodHandleAccessor.java:103)
		at java.base/java.lang.reflect.Method.invoke(Method.java:580)
		at org.apache.catalina.startup.Bootstrap.start(Bootstrap.java:345)
		at org.apache.catalina.startup.Bootstrap.main(Bootstrap.java:476)
	Caused by: org.apache.catalina.LifecycleException: Failed to start component [org.apache.catalina.webresources.StandardRoot@557635ca]
		at org.apache.catalina.util.LifecycleBase.handleSubClassException(LifecycleBase.java:406)
		at org.apache.catalina.util.LifecycleBase.start(LifecycleBase.java:179)
		at org.apache.catalina.core.StandardContext.resourcesStart(StandardContext.java:4172)
		at org.apache.catalina.core.StandardContext.startInternal(StandardContext.java:4294)
		at org.apache.catalina.util.LifecycleBase.start(LifecycleBase.java:164)
		at org.apache.catalina.core.ContainerBase.addChildInternal(ContainerBase.java:599)
		... 35 more
	Caused by: java.lang.IllegalArgumentException: The main resource set specified [D:\MF_Learning\Telkom University\Matkul\Semester 4\PBO\TP MOD 14\TPMOD14\build\web] is not a directory or war file, or is not readable (it does not exist or permissions to access it are missing)
		at org.apache.catalina.webresources.StandardRoot.createMainResourceSet(StandardRoot.java:758)
		at org.apache.catalina.webresources.StandardRoot.startInternal(StandardRoot.java:715)
		at org.apache.catalina.util.LifecycleBase.start(LifecycleBase.java:164)
		... 39 more
18-Dec-2025 14:53:57.647 INFO [main] org.apache.catalina.startup.HostConfig.deployDescriptor Deployment of deployment descriptor [D:\MF_Learning\Telkom University\Matkul\Semester 4\PBO\Server\apache-tomcat-9.0.104\conf\Catalina\localhost\TPMOD14.xml] has finished in [143] ms
18-Dec-2025 14:53:57.647 INFO [main] org.apache.catalina.startup.HostConfig.deployDescriptor Deploying deployment descriptor [D:\MF_Learning\Telkom University\Matkul\Semester 4\PBO\Server\apache-tomcat-9.0.104\conf\Catalina\localhost\WebApplication1.xml]
18-Dec-2025 14:53:57.649 WARNING [main] org.apache.catalina.startup.HostConfig.deployDescriptor The path attribute with value [/WebApplication1] in deployment descriptor [D:\MF_Learning\Telkom University\Matkul\Semester 4\PBO\Server\apache-tomcat-9.0.104\conf\Catalina\localhost\WebApplication1.xml] has been ignored
18-Dec-2025 14:53:57.777 INFO [main] org.apache.catalina.startup.HostConfig.deployDescriptor Deployment of deployment descriptor [D:\MF_Learning\Telkom University\Matkul\Semester 4\PBO\Server\apache-tomcat-9.0.104\conf\Catalina\localhost\WebApplication1.xml] has finished in [130] ms
18-Dec-2025 14:53:57.779 INFO [main] org.apache.catalina.startup.HostConfig.deployDirectory Deploying web application directory [D:\MF_Learning\Telkom University\Matkul\Semester 4\PBO\Server\apache-tomcat-9.0.104\webapps\docs]
18-Dec-2025 14:53:57.846 INFO [main] org.apache.catalina.startup.HostConfig.deployDirectory Deployment of web application directory [D:\MF_Learning\Telkom University\Matkul\Semester 4\PBO\Server\apache-tomcat-9.0.104\webapps\docs] has finished in [67] ms
18-Dec-2025 14:53:57.847 INFO [main] org.apache.catalina.startup.HostConfig.deployDirectory Deploying web application directory [D:\MF_Learning\Telkom University\Matkul\Semester 4\PBO\Server\apache-tomcat-9.0.104\webapps\examples]
18-Dec-2025 14:53:59.352 INFO [main] org.apache.catalina.startup.HostConfig.deployDirectory Deployment of web application directory [D:\MF_Learning\Telkom University\Matkul\Semester 4\PBO\Server\apache-tomcat-9.0.104\webapps\examples] has finished in [1,506] ms
18-Dec-2025 14:53:59.353 INFO [main] org.apache.catalina.startup.HostConfig.deployDirectory Deploying web application directory [D:\MF_Learning\Telkom University\Matkul\Semester 4\PBO\Server\apache-tomcat-9.0.104\webapps\host-manager]
18-Dec-2025 14:53:59.456 INFO [main] org.apache.catalina.startup.HostConfig.deployDirectory Deployment of web application directory [D:\MF_Learning\Telkom University\Matkul\Semester 4\PBO\Server\apache-tomcat-9.0.104\webapps\host-manager] has finished in [102] ms
18-Dec-2025 14:53:59.461 INFO [main] org.apache.catalina.startup.HostConfig.deployDirectory Deploying web application directory [D:\MF_Learning\Telkom University\Matkul\Semester 4\PBO\Server\apache-tomcat-9.0.104\webapps\manager]
18-Dec-2025 14:53:59.580 INFO [main] org.apache.catalina.startup.HostConfig.deployDirectory Deployment of web application directory [D:\MF_Learning\Telkom University\Matkul\Semester 4\PBO\Server\apache-tomcat-9.0.104\webapps\manager] has finished in [119] ms
18-Dec-2025 14:53:59.581 INFO [main] org.apache.catalina.startup.HostConfig.deployDirectory Deploying web application directory [D:\MF_Learning\Telkom University\Matkul\Semester 4\PBO\Server\apache-tomcat-9.0.104\webapps\ROOT]
18-Dec-2025 14:53:59.634 INFO [main] org.apache.catalina.startup.HostConfig.deployDirectory Deployment of web application directory [D:\MF_Learning\Telkom University\Matkul\Semester 4\PBO\Server\apache-tomcat-9.0.104\webapps\ROOT] has finished in [52] ms
18-Dec-2025 14:53:59.643 INFO [main] org.apache.coyote.AbstractProtocol.start Starting ProtocolHandler ["http-nio-8080"]
18-Dec-2025 14:53:59.751 INFO [main] org.apache.catalina.startup.Catalina.start Server startup in [9216] milliseconds
18-Dec-2025 14:54:27.666 INFO [http-nio-8080-exec-9] org.apache.catalina.startup.HostConfig.undeploy Undeploying context [/mugiwara]
18-Dec-2025 14:54:27.738 INFO [http-nio-8080-exec-7] org.apache.catalina.startup.HostConfig.deployDescriptor Deploying deployment descriptor [D:\MF_Learning\Telkom University\Matkul\Semester 4\PBO\Server\apache-tomcat-9.0.104\conf\Catalina\localhost\mugiwara.xml]
18-Dec-2025 14:54:27.740 WARNING [http-nio-8080-exec-7] org.apache.catalina.startup.HostConfig.deployDescriptor The path attribute with value [/mugiwara] in deployment descriptor [D:\MF_Learning\Telkom University\Matkul\Semester 4\PBO\Server\apache-tomcat-9.0.104\conf\Catalina\localhost\mugiwara.xml] has been ignored
18-Dec-2025 14:54:29.019 INFO [http-nio-8080-exec-7] org.apache.jasper.servlet.TldScanner.scanJars At least one JAR was scanned for TLDs yet contained no TLDs. Enable debug logging for this logger for a complete list of JARs that were scanned but no TLDs were found in them. Skipping unneeded JARs during scanning can improve startup time and JSP compilation time.
18-Dec-2025 14:54:29.022 INFO [http-nio-8080-exec-7] org.apache.catalina.startup.HostConfig.deployDescriptor Deployment of deployment descriptor [D:\MF_Learning\Telkom University\Matkul\Semester 4\PBO\Server\apache-tomcat-9.0.104\conf\Catalina\localhost\mugiwara.xml] has finished in [1,284] ms
18-Dec-2025 14:54:29.026 INFO [http-nio-8080-exec-10] org.apache.catalina.util.LifecycleBase.start The start() method was called on component [StandardEngine[Catalina].StandardHost[localhost].StandardContext[/mugiwara]] after start() had already been called. The second call will be ignored.
